<?xml version="1.0" encoding="UTF-8"?>
<!-- Generated by org.testng.reporters.JUnitXMLReporter -->
<testsuite ignored="0" hostname="LAPTOP-PV3V3DPQ" failures="0" tests="2" name="Command line test" time="0.029" errors="0" timestamp="2020-05-14T21:36:08 NZST">
  <testcase classname="dishrivas.Framework.Demo.AppTest" name="shouldAnswerWithTrue" time="0.003"/>
  <testcase classname="dishrivas.Framework.Demo.LoginTest" name="TestWebsiteLogin" time="0.0"/>
</testsuite> <!-- Command line test -->
