<?xml version="1.0" encoding="UTF-8"?>
<testng-results ignored="0" total="2" passed="2" failed="0" skipped="0">
  <reporter-output>
  </reporter-output>
  <suite started-at="2020-05-14T22:34:16 NZST" name="Suite" finished-at="2020-05-14T22:34:16 NZST" duration-ms="35">
    <groups>
    </groups>
    <test started-at="2020-05-14T22:34:16 NZST" name="Test" finished-at="2020-05-14T22:34:16 NZST" duration-ms="35">
      <class name="dishrivas.Framework.Demo.AppTest">
        <test-method signature="shouldAnswerWithTrue()[pri:0, instance:dishrivas.Framework.Demo.AppTest@6328d34a]" started-at="2020-05-14T22:34:16 NZST" name="shouldAnswerWithTrue" finished-at="2020-05-14T22:34:16 NZST" duration-ms="0" status="PASS">
          <reporter-output>
          </reporter-output>
        </test-method> <!-- shouldAnswerWithTrue -->
      </class> <!-- dishrivas.Framework.Demo.AppTest -->
      <class name="dishrivas.Framework.Demo.LoginTest">
        <test-method signature="TestWebsiteLogin()[pri:0, instance:dishrivas.Framework.Demo.LoginTest@2357d90a]" started-at="2020-05-14T22:34:16 NZST" name="TestWebsiteLogin" finished-at="2020-05-14T22:34:16 NZST" duration-ms="4" status="PASS">
          <reporter-output>
          </reporter-output>
        </test-method> <!-- TestWebsiteLogin -->
      </class> <!-- dishrivas.Framework.Demo.LoginTest -->
    </test> <!-- Test -->
  </suite> <!-- Suite -->
</testng-results>
